2025-02-24 21:58:28,532:INFO:PyCaret RegressionExperiment
2025-02-24 21:58:28,533:INFO:Logging name: reg-default-name
2025-02-24 21:58:28,533:INFO:ML Usecase: MLUsecase.REGRESSION
2025-02-24 21:58:28,533:INFO:version 3.3.2
2025-02-24 21:58:28,533:INFO:Initializing setup()
2025-02-24 21:58:28,533:INFO:self.USI: 3379
2025-02-24 21:58:28,533:INFO:self._variable_keys: {'exp_id', 'exp_name_log', 'gpu_n_jobs_param', 'fold_shuffle_param', 'X_train', 'y_test', 'target_param', 'X_test', 'seed', '_ml_usecase', 'USI', 'data', 'n_jobs_param', 'fold_generator', 'fold_groups_param', 'pipeline', 'idx', '_available_plots', 'y', 'gpu_param', 'log_plots_param', 'memory', 'X', 'y_train', 'html_param', 'transform_target_param', 'logging_param'}
2025-02-24 21:58:28,533:INFO:Checking environment
2025-02-24 21:58:28,533:INFO:python_version: 3.10.15
2025-02-24 21:58:28,533:INFO:python_build: ('main', 'Oct  3 2024 02:24:49')
2025-02-24 21:58:28,533:INFO:machine: arm64
2025-02-24 21:58:28,533:INFO:platform: macOS-14.1-arm64-arm-64bit
2025-02-24 21:58:28,533:INFO:Memory: svmem(total=17179869184, available=5840076800, percent=66.0, used=7654162432, free=169525248, active=5722750976, inactive=5661687808, wired=1931411456)
2025-02-24 21:58:28,533:INFO:Physical Core: 8
2025-02-24 21:58:28,533:INFO:Logical Core: 8
2025-02-24 21:58:28,533:INFO:Checking libraries
2025-02-24 21:58:28,533:INFO:System:
2025-02-24 21:58:28,533:INFO:    python: 3.10.15 (main, Oct  3 2024, 02:24:49) [Clang 14.0.6 ]
2025-02-24 21:58:28,533:INFO:executable: /Users/daaa/opt/miniconda3/envs/mlops/bin/python
2025-02-24 21:58:28,533:INFO:   machine: macOS-14.1-arm64-arm-64bit
2025-02-24 21:58:28,533:INFO:PyCaret required dependencies:
2025-02-24 21:58:28,533:INFO:                 pip: 24.2
2025-02-24 21:58:28,533:INFO:          setuptools: 75.1.0
2025-02-24 21:58:28,533:INFO:             pycaret: 3.3.2
2025-02-24 21:58:28,533:INFO:             IPython: 8.30.0
2025-02-24 21:58:28,533:INFO:          ipywidgets: 8.1.5
2025-02-24 21:58:28,533:INFO:                tqdm: 4.67.1
2025-02-24 21:58:28,533:INFO:               numpy: 1.26.4
2025-02-24 21:58:28,533:INFO:              pandas: 2.1.4
2025-02-24 21:58:28,533:INFO:              jinja2: 3.1.4
2025-02-24 21:58:28,533:INFO:               scipy: 1.11.4
2025-02-24 21:58:28,533:INFO:              joblib: 1.3.2
2025-02-24 21:58:28,533:INFO:             sklearn: 1.4.2
2025-02-24 21:58:28,533:INFO:                pyod: 2.0.2
2025-02-24 21:58:28,533:INFO:            imblearn: 0.12.4
2025-02-24 21:58:28,533:INFO:   category_encoders: 2.6.4
2025-02-24 21:58:28,533:INFO:            lightgbm: 4.5.0
2025-02-24 21:58:28,533:INFO:               numba: 0.60.0
2025-02-24 21:58:28,533:INFO:            requests: 2.32.3
2025-02-24 21:58:28,533:INFO:          matplotlib: 3.7.5
2025-02-24 21:58:28,533:INFO:          scikitplot: 0.3.7
2025-02-24 21:58:28,533:INFO:         yellowbrick: 1.5
2025-02-24 21:58:28,533:INFO:              plotly: 5.24.1
2025-02-24 21:58:28,533:INFO:    plotly-resampler: Not installed
2025-02-24 21:58:28,533:INFO:             kaleido: 0.2.1
2025-02-24 21:58:28,533:INFO:           schemdraw: 0.15
2025-02-24 21:58:28,533:INFO:         statsmodels: 0.14.4
2025-02-24 21:58:28,533:INFO:              sktime: 0.26.0
2025-02-24 21:58:28,533:INFO:               tbats: 1.1.3
2025-02-24 21:58:28,533:INFO:            pmdarima: 2.0.4
2025-02-24 21:58:28,533:INFO:              psutil: 6.1.0
2025-02-24 21:58:28,533:INFO:          markupsafe: 2.1.5
2025-02-24 21:58:28,534:INFO:             pickle5: Not installed
2025-02-24 21:58:28,534:INFO:         cloudpickle: 3.1.0
2025-02-24 21:58:28,534:INFO:         deprecation: 2.1.0
2025-02-24 21:58:28,534:INFO:              xxhash: 3.5.0
2025-02-24 21:58:28,534:INFO:           wurlitzer: 3.1.1
2025-02-24 21:58:28,534:INFO:PyCaret optional dependencies:
2025-02-24 21:58:28,534:INFO:                shap: 0.44.1
2025-02-24 21:58:28,534:INFO:           interpret: 0.6.9
2025-02-24 21:58:28,534:INFO:                umap: 0.5.7
2025-02-24 21:58:28,534:INFO:     ydata_profiling: 4.12.1
2025-02-24 21:58:28,534:INFO:  explainerdashboard: 0.4.8
2025-02-24 21:58:28,534:INFO:             autoviz: Not installed
2025-02-24 21:58:28,534:INFO:           fairlearn: 0.7.0
2025-02-24 21:58:28,534:INFO:          deepchecks: Not installed
2025-02-24 21:58:28,534:INFO:             xgboost: 2.1.3
2025-02-24 21:58:28,534:INFO:            catboost: 1.1.1
2025-02-24 21:58:28,534:INFO:              kmodes: 0.12.2
2025-02-24 21:58:28,534:INFO:             mlxtend: 0.23.3
2025-02-24 21:58:28,534:INFO:       statsforecast: 1.5.0
2025-02-24 21:58:28,534:INFO:        tune_sklearn: 0.5.0
2025-02-24 21:58:28,534:INFO:                 ray: 2.40.0
2025-02-24 21:58:28,534:INFO:            hyperopt: 0.2.7
2025-02-24 21:58:28,534:INFO:              optuna: 4.1.0
2025-02-24 21:58:28,534:INFO:               skopt: 0.10.2
2025-02-24 21:58:28,534:INFO:              mlflow: 2.19.0
2025-02-24 21:58:28,534:INFO:              gradio: 5.12.0
2025-02-24 21:58:28,534:INFO:             fastapi: 0.115.6
2025-02-24 21:58:28,534:INFO:             uvicorn: 0.34.0
2025-02-24 21:58:28,534:INFO:              m2cgen: 0.10.0
2025-02-24 21:58:28,534:INFO:           evidently: 0.4.40
2025-02-24 21:58:28,534:INFO:               fugue: 0.8.7
2025-02-24 21:58:28,534:INFO:           streamlit: Not installed
2025-02-24 21:58:28,534:INFO:             prophet: Not installed
2025-02-24 21:58:28,534:INFO:None
2025-02-24 21:58:28,534:INFO:Set up data.
2025-02-24 21:58:28,555:INFO:Set up folding strategy.
2025-02-24 21:58:28,555:INFO:Set up train/test split.
2025-02-24 21:58:28,566:INFO:Set up index.
2025-02-24 21:58:28,566:INFO:Assigning column types.
2025-02-24 21:58:28,570:INFO:Engine successfully changes for model 'lr' to 'sklearn'.
2025-02-24 21:58:28,570:INFO:Engine for model 'lasso' has not been set explicitly, hence returning None.
2025-02-24 21:58:28,573:INFO:Engine for model 'ridge' has not been set explicitly, hence returning None.
2025-02-24 21:58:28,575:INFO:Engine for model 'en' has not been set explicitly, hence returning None.
2025-02-24 21:58:28,608:INFO:Engine for model 'svm' has not been set explicitly, hence returning None.
2025-02-24 21:58:28,632:INFO:Engine for model 'knn' has not been set explicitly, hence returning None.
2025-02-24 21:58:28,633:INFO:Soft dependency imported: xgboost: 2.1.3
2025-02-24 21:58:28,634:INFO:Soft dependency imported: catboost: 1.1.1
2025-02-24 21:58:28,635:INFO:Engine for model 'lasso' has not been set explicitly, hence returning None.
2025-02-24 21:58:28,637:INFO:Engine for model 'ridge' has not been set explicitly, hence returning None.
2025-02-24 21:58:28,639:INFO:Engine for model 'en' has not been set explicitly, hence returning None.
2025-02-24 21:58:28,673:INFO:Engine for model 'svm' has not been set explicitly, hence returning None.
2025-02-24 21:58:28,697:INFO:Engine for model 'knn' has not been set explicitly, hence returning None.
2025-02-24 21:58:28,698:INFO:Soft dependency imported: xgboost: 2.1.3
2025-02-24 21:58:28,699:INFO:Soft dependency imported: catboost: 1.1.1
2025-02-24 21:58:28,699:INFO:Engine successfully changes for model 'lasso' to 'sklearn'.
2025-02-24 21:58:28,702:INFO:Engine for model 'ridge' has not been set explicitly, hence returning None.
2025-02-24 21:58:28,704:INFO:Engine for model 'en' has not been set explicitly, hence returning None.
2025-02-24 21:58:28,737:INFO:Engine for model 'svm' has not been set explicitly, hence returning None.
2025-02-24 21:58:28,761:INFO:Engine for model 'knn' has not been set explicitly, hence returning None.
2025-02-24 21:58:28,761:INFO:Soft dependency imported: xgboost: 2.1.3
2025-02-24 21:58:28,763:INFO:Soft dependency imported: catboost: 1.1.1
2025-02-24 21:58:28,765:INFO:Engine for model 'ridge' has not been set explicitly, hence returning None.
2025-02-24 21:58:28,768:INFO:Engine for model 'en' has not been set explicitly, hence returning None.
2025-02-24 21:58:28,800:INFO:Engine for model 'svm' has not been set explicitly, hence returning None.
2025-02-24 21:58:28,824:INFO:Engine for model 'knn' has not been set explicitly, hence returning None.
2025-02-24 21:58:28,824:INFO:Soft dependency imported: xgboost: 2.1.3
2025-02-24 21:58:28,826:INFO:Soft dependency imported: catboost: 1.1.1
2025-02-24 21:58:28,826:INFO:Engine successfully changes for model 'ridge' to 'sklearn'.
2025-02-24 21:58:28,831:INFO:Engine for model 'en' has not been set explicitly, hence returning None.
2025-02-24 21:58:28,865:INFO:Engine for model 'svm' has not been set explicitly, hence returning None.
2025-02-24 21:58:28,888:INFO:Engine for model 'knn' has not been set explicitly, hence returning None.
2025-02-24 21:58:28,888:INFO:Soft dependency imported: xgboost: 2.1.3
2025-02-24 21:58:28,889:INFO:Soft dependency imported: catboost: 1.1.1
2025-02-24 21:58:28,894:INFO:Engine for model 'en' has not been set explicitly, hence returning None.
2025-02-24 21:58:28,927:INFO:Engine for model 'svm' has not been set explicitly, hence returning None.
2025-02-24 21:58:28,950:INFO:Engine for model 'knn' has not been set explicitly, hence returning None.
2025-02-24 21:58:28,950:INFO:Soft dependency imported: xgboost: 2.1.3
2025-02-24 21:58:28,952:INFO:Soft dependency imported: catboost: 1.1.1
2025-02-24 21:58:28,952:INFO:Engine successfully changes for model 'en' to 'sklearn'.
2025-02-24 21:58:28,989:INFO:Engine for model 'svm' has not been set explicitly, hence returning None.
2025-02-24 21:58:29,013:INFO:Engine for model 'knn' has not been set explicitly, hence returning None.
2025-02-24 21:58:29,013:INFO:Soft dependency imported: xgboost: 2.1.3
2025-02-24 21:58:29,014:INFO:Soft dependency imported: catboost: 1.1.1
2025-02-24 21:58:29,052:INFO:Engine for model 'svm' has not been set explicitly, hence returning None.
2025-02-24 21:58:29,075:INFO:Engine for model 'knn' has not been set explicitly, hence returning None.
2025-02-24 21:58:29,075:INFO:Soft dependency imported: xgboost: 2.1.3
2025-02-24 21:58:29,077:INFO:Soft dependency imported: catboost: 1.1.1
2025-02-24 21:58:29,077:INFO:Engine successfully changes for model 'knn' to 'sklearn'.
2025-02-24 21:58:29,114:INFO:Engine for model 'svm' has not been set explicitly, hence returning None.
2025-02-24 21:58:29,137:INFO:Soft dependency imported: xgboost: 2.1.3
2025-02-24 21:58:29,138:INFO:Soft dependency imported: catboost: 1.1.1
2025-02-24 21:58:29,177:INFO:Engine for model 'svm' has not been set explicitly, hence returning None.
2025-02-24 21:58:29,199:INFO:Soft dependency imported: xgboost: 2.1.3
2025-02-24 21:58:29,201:INFO:Soft dependency imported: catboost: 1.1.1
2025-02-24 21:58:29,201:INFO:Engine successfully changes for model 'svm' to 'sklearn'.
2025-02-24 21:58:29,261:INFO:Soft dependency imported: xgboost: 2.1.3
2025-02-24 21:58:29,262:INFO:Soft dependency imported: catboost: 1.1.1
2025-02-24 21:58:29,324:INFO:Soft dependency imported: xgboost: 2.1.3
2025-02-24 21:58:29,325:INFO:Soft dependency imported: catboost: 1.1.1
2025-02-24 21:58:29,326:INFO:Preparing preprocessing pipeline...
2025-02-24 21:58:29,326:INFO:Set up date feature engineering.
2025-02-24 21:58:29,326:INFO:Set up simple imputation.
2025-02-24 21:58:29,330:INFO:Set up encoding of categorical features.
2025-02-24 21:58:29,508:INFO:Finished creating preprocessing pipeline.
2025-02-24 21:58:29,514:INFO:Pipeline: Pipeline(memory=FastMemory(location=/var/folders/90/q7dj_p6j3gx0cls87s3y0myc0000gq/T/joblib),
         steps=[('date_feature_extractor',
                 TransformerWrapper(include=['Date'],
                                    transformer=ExtractDateTimeFeatures())),
                ('numerical_imputer',
                 TransformerWrapper(include=['Rooms', 'Distance', 'Postcode',
                                             'Bedroom2', 'Bathroom', 'Car',
                                             'Landsize', 'BuildingArea',
                                             'YearBuilt', 'La...
                 TransformerWrapper(include=['Type', 'Method', 'Region'],
                                    transformer=OneHotEncoder(cols=['Type',
                                                                    'Method',
                                                                    'Region'],
                                                              handle_missing='return_nan',
                                                              use_cat_names=True))),
                ('rest_encoding',
                 TransformerWrapper(include=['Suburb', 'Address', 'Seller',
                                             'CouncilArea'],
                                    transformer=TargetEncoder(cols=['Suburb',
                                                                    'Address',
                                                                    'Seller',
                                                                    'CouncilArea'],
                                                              handle_missing='return_nan')))])
2025-02-24 21:58:29,514:INFO:Creating final display dataframe.
2025-02-24 21:58:29,950:INFO:Setup _display_container:                     Description             Value
0                    Session id              2398
1                        Target             Price
2                   Target type        Regression
3           Original data shape       (13580, 22)
4        Transformed data shape       (13580, 37)
5   Transformed train set shape        (9506, 37)
6    Transformed test set shape        (4074, 37)
7              Numeric features                13
8                 Date features                 1
9          Categorical features                 7
10     Rows with missing values             54.4%
11                   Preprocess              True
12              Imputation type            simple
13           Numeric imputation              mean
14       Categorical imputation              mode
15     Maximum one-hot encoding                25
16              Encoding method              None
17               Fold Generator             KFold
18                  Fold Number                10
19                     CPU Jobs                -1
20                      Use GPU             False
21               Log Experiment             False
22              Experiment Name  reg-default-name
23                          USI              3379
2025-02-24 21:58:30,015:INFO:Soft dependency imported: xgboost: 2.1.3
2025-02-24 21:58:30,017:INFO:Soft dependency imported: catboost: 1.1.1
2025-02-24 21:58:30,078:INFO:Soft dependency imported: xgboost: 2.1.3
2025-02-24 21:58:30,079:INFO:Soft dependency imported: catboost: 1.1.1
2025-02-24 21:58:30,080:INFO:setup() successfully completed in 1.55s...............
2025-02-24 22:03:43,901:WARNING:/var/folders/90/q7dj_p6j3gx0cls87s3y0myc0000gq/T/ipykernel_5323/4239120124.py:4: FutureWarning: 

Passing `palette` without assigning `hue` is deprecated and will be removed in v0.14.0. Assign the `x` variable to `hue` and set `legend=False` for the same effect.

  sns.boxplot(x='Propertycount_Bin', y='Price', data=df, palette="coolwarm")

2025-02-24 22:42:16,505:WARNING:/var/folders/90/q7dj_p6j3gx0cls87s3y0myc0000gq/T/ipykernel_5323/47321870.py:2: FutureWarning: 

Passing `palette` without assigning `hue` is deprecated and will be removed in v0.14.0. Assign the `x` variable to `hue` and set `legend=False` for the same effect.

  sns.boxplot(data=df, x="CouncilArea", y="Price", palette="coolwarm")

2025-02-24 22:42:28,887:WARNING:/var/folders/90/q7dj_p6j3gx0cls87s3y0myc0000gq/T/ipykernel_5323/132642643.py:2: FutureWarning: 

Passing `palette` without assigning `hue` is deprecated and will be removed in v0.14.0. Assign the `x` variable to `hue` and set `legend=False` for the same effect.

  sns.boxplot(data=df, x="CouncilArea", y="Price", palette="viridis")

2025-02-24 23:27:03,662:WARNING:/var/folders/90/q7dj_p6j3gx0cls87s3y0myc0000gq/T/ipykernel_5323/822787353.py:3: FutureWarning: 

Passing `palette` without assigning `hue` is deprecated and will be removed in v0.14.0. Assign the `x` variable to `hue` and set `legend=False` for the same effect.

  sns.boxplot(data=df, x="Bedroom2", y="Price", palette="coolwarm", ax=axes[0])

2025-02-24 23:27:03,746:WARNING:/var/folders/90/q7dj_p6j3gx0cls87s3y0myc0000gq/T/ipykernel_5323/822787353.py:8: FutureWarning: 

Passing `palette` without assigning `hue` is deprecated and will be removed in v0.14.0. Assign the `x` variable to `hue` and set `legend=False` for the same effect.

  sns.boxplot(data=df, x="Bathroom", y="Price", palette="coolwarm", ax=axes[1])

2025-02-24 23:27:03,812:WARNING:/var/folders/90/q7dj_p6j3gx0cls87s3y0myc0000gq/T/ipykernel_5323/822787353.py:13: FutureWarning: 

Passing `palette` without assigning `hue` is deprecated and will be removed in v0.14.0. Assign the `x` variable to `hue` and set `legend=False` for the same effect.

  sns.boxplot(data=df, x="Car", y="Price", palette="coolwarm", ax=axes[2])

2025-02-24 23:27:25,749:WARNING:/var/folders/90/q7dj_p6j3gx0cls87s3y0myc0000gq/T/ipykernel_5323/2079386652.py:3: FutureWarning: 

Passing `palette` without assigning `hue` is deprecated and will be removed in v0.14.0. Assign the `x` variable to `hue` and set `legend=False` for the same effect.

  sns.violinplot(data=df, x="Bedroom2", y="Price", palette="coolwarm", ax=axes[0])

2025-02-24 23:27:25,854:WARNING:/var/folders/90/q7dj_p6j3gx0cls87s3y0myc0000gq/T/ipykernel_5323/2079386652.py:8: FutureWarning: 

Passing `palette` without assigning `hue` is deprecated and will be removed in v0.14.0. Assign the `x` variable to `hue` and set `legend=False` for the same effect.

  sns.violinplot(data=df, x="Bathroom", y="Price", palette="coolwarm", ax=axes[1])

2025-02-24 23:27:25,999:WARNING:/var/folders/90/q7dj_p6j3gx0cls87s3y0myc0000gq/T/ipykernel_5323/2079386652.py:13: FutureWarning: 

Passing `palette` without assigning `hue` is deprecated and will be removed in v0.14.0. Assign the `x` variable to `hue` and set `legend=False` for the same effect.

  sns.violinplot(data=df, x="Car", y="Price", palette="coolwarm", ax=axes[2])

2025-02-24 23:27:50,924:WARNING:/var/folders/90/q7dj_p6j3gx0cls87s3y0myc0000gq/T/ipykernel_5323/2157425422.py:3: FutureWarning: 

Passing `palette` without assigning `hue` is deprecated and will be removed in v0.14.0. Assign the `x` variable to `hue` and set `legend=False` for the same effect.

  sns.violinplot(data=df, x="Bedroom2", y="Price", palette="viridis", ax=axes[0])

2025-02-24 23:27:51,015:WARNING:/var/folders/90/q7dj_p6j3gx0cls87s3y0myc0000gq/T/ipykernel_5323/2157425422.py:8: FutureWarning: 

Passing `palette` without assigning `hue` is deprecated and will be removed in v0.14.0. Assign the `x` variable to `hue` and set `legend=False` for the same effect.

  sns.violinplot(data=df, x="Bathroom", y="Price", palette="viridis", ax=axes[1])

2025-02-24 23:27:51,163:WARNING:/var/folders/90/q7dj_p6j3gx0cls87s3y0myc0000gq/T/ipykernel_5323/2157425422.py:13: FutureWarning: 

Passing `palette` without assigning `hue` is deprecated and will be removed in v0.14.0. Assign the `x` variable to `hue` and set `legend=False` for the same effect.

  sns.violinplot(data=df, x="Car", y="Price", palette="viridis", ax=axes[2])

2025-02-24 23:28:00,674:WARNING:/var/folders/90/q7dj_p6j3gx0cls87s3y0myc0000gq/T/ipykernel_5323/763974249.py:3: FutureWarning: 

Passing `palette` without assigning `hue` is deprecated and will be removed in v0.14.0. Assign the `x` variable to `hue` and set `legend=False` for the same effect.

  sns.violinplot(data=df, x="Bedroom2", y="Price", palette="viridis", ax=axes[0])

2025-02-24 23:28:00,776:WARNING:/var/folders/90/q7dj_p6j3gx0cls87s3y0myc0000gq/T/ipykernel_5323/763974249.py:8: FutureWarning: 

Passing `palette` without assigning `hue` is deprecated and will be removed in v0.14.0. Assign the `x` variable to `hue` and set `legend=False` for the same effect.

  sns.violinplot(data=df, x="Bathroom", y="Price", palette="viridis", ax=axes[1])

2025-02-24 23:28:00,933:WARNING:/var/folders/90/q7dj_p6j3gx0cls87s3y0myc0000gq/T/ipykernel_5323/763974249.py:13: FutureWarning: 

Passing `palette` without assigning `hue` is deprecated and will be removed in v0.14.0. Assign the `x` variable to `hue` and set `legend=False` for the same effect.

  sns.violinplot(data=df, x="Car", y="Price", palette="purples", ax=axes[2])

2025-02-24 23:28:04,227:WARNING:/var/folders/90/q7dj_p6j3gx0cls87s3y0myc0000gq/T/ipykernel_5323/1485147438.py:3: FutureWarning: 

Passing `palette` without assigning `hue` is deprecated and will be removed in v0.14.0. Assign the `x` variable to `hue` and set `legend=False` for the same effect.

  sns.violinplot(data=df, x="Bedroom2", y="Price", palette="viridis", ax=axes[0])

2025-02-24 23:28:04,330:WARNING:/var/folders/90/q7dj_p6j3gx0cls87s3y0myc0000gq/T/ipykernel_5323/1485147438.py:8: FutureWarning: 

Passing `palette` without assigning `hue` is deprecated and will be removed in v0.14.0. Assign the `x` variable to `hue` and set `legend=False` for the same effect.

  sns.violinplot(data=df, x="Bathroom", y="Price", palette="viridis", ax=axes[1])

2025-02-24 23:28:04,439:WARNING:/var/folders/90/q7dj_p6j3gx0cls87s3y0myc0000gq/T/ipykernel_5323/1485147438.py:13: FutureWarning: 

Passing `palette` without assigning `hue` is deprecated and will be removed in v0.14.0. Assign the `x` variable to `hue` and set `legend=False` for the same effect.

  sns.violinplot(data=df, x="Car", y="Price", palette="greens", ax=axes[2])

2025-02-24 23:28:06,909:WARNING:/var/folders/90/q7dj_p6j3gx0cls87s3y0myc0000gq/T/ipykernel_5323/2014479748.py:3: FutureWarning: 

Passing `palette` without assigning `hue` is deprecated and will be removed in v0.14.0. Assign the `x` variable to `hue` and set `legend=False` for the same effect.

  sns.violinplot(data=df, x="Bedroom2", y="Price", palette="viridis", ax=axes[0])

2025-02-24 23:28:06,995:WARNING:/var/folders/90/q7dj_p6j3gx0cls87s3y0myc0000gq/T/ipykernel_5323/2014479748.py:8: FutureWarning: 

Passing `palette` without assigning `hue` is deprecated and will be removed in v0.14.0. Assign the `x` variable to `hue` and set `legend=False` for the same effect.

  sns.violinplot(data=df, x="Bathroom", y="Price", palette="viridis", ax=axes[1])

2025-02-24 23:28:07,150:WARNING:/var/folders/90/q7dj_p6j3gx0cls87s3y0myc0000gq/T/ipykernel_5323/2014479748.py:13: FutureWarning: 

Passing `palette` without assigning `hue` is deprecated and will be removed in v0.14.0. Assign the `x` variable to `hue` and set `legend=False` for the same effect.

  sns.violinplot(data=df, x="Car", y="Price", palette="green", ax=axes[2])

2025-02-24 23:28:08,754:WARNING:/var/folders/90/q7dj_p6j3gx0cls87s3y0myc0000gq/T/ipykernel_5323/2437038516.py:3: FutureWarning: 

Passing `palette` without assigning `hue` is deprecated and will be removed in v0.14.0. Assign the `x` variable to `hue` and set `legend=False` for the same effect.

  sns.violinplot(data=df, x="Bedroom2", y="Price", palette="viridis", ax=axes[0])

2025-02-24 23:28:08,854:WARNING:/var/folders/90/q7dj_p6j3gx0cls87s3y0myc0000gq/T/ipykernel_5323/2437038516.py:8: FutureWarning: 

Passing `palette` without assigning `hue` is deprecated and will be removed in v0.14.0. Assign the `x` variable to `hue` and set `legend=False` for the same effect.

  sns.violinplot(data=df, x="Bathroom", y="Price", palette="viridis", ax=axes[1])

2025-02-24 23:28:08,987:WARNING:/var/folders/90/q7dj_p6j3gx0cls87s3y0myc0000gq/T/ipykernel_5323/2437038516.py:13: FutureWarning: 

Passing `palette` without assigning `hue` is deprecated and will be removed in v0.14.0. Assign the `x` variable to `hue` and set `legend=False` for the same effect.

  sns.violinplot(data=df, x="Car", y="Price", palette="reds", ax=axes[2])

2025-02-24 23:28:10,939:WARNING:/var/folders/90/q7dj_p6j3gx0cls87s3y0myc0000gq/T/ipykernel_5323/2157425422.py:3: FutureWarning: 

Passing `palette` without assigning `hue` is deprecated and will be removed in v0.14.0. Assign the `x` variable to `hue` and set `legend=False` for the same effect.

  sns.violinplot(data=df, x="Bedroom2", y="Price", palette="viridis", ax=axes[0])

2025-02-24 23:28:11,038:WARNING:/var/folders/90/q7dj_p6j3gx0cls87s3y0myc0000gq/T/ipykernel_5323/2157425422.py:8: FutureWarning: 

Passing `palette` without assigning `hue` is deprecated and will be removed in v0.14.0. Assign the `x` variable to `hue` and set `legend=False` for the same effect.

  sns.violinplot(data=df, x="Bathroom", y="Price", palette="viridis", ax=axes[1])

2025-02-24 23:28:11,215:WARNING:/var/folders/90/q7dj_p6j3gx0cls87s3y0myc0000gq/T/ipykernel_5323/2157425422.py:13: FutureWarning: 

Passing `palette` without assigning `hue` is deprecated and will be removed in v0.14.0. Assign the `x` variable to `hue` and set `legend=False` for the same effect.

  sns.violinplot(data=df, x="Car", y="Price", palette="viridis", ax=axes[2])

2025-02-24 23:29:05,203:WARNING:/var/folders/90/q7dj_p6j3gx0cls87s3y0myc0000gq/T/ipykernel_5323/2934050365.py:2: FutureWarning: 

Passing `palette` without assigning `hue` is deprecated and will be removed in v0.14.0. Assign the `x` variable to `hue` and set `legend=False` for the same effect.

  sns.boxplot(data=df, x="Method", y="Price", palette="coolwarm")

2025-02-24 23:29:15,149:WARNING:/var/folders/90/q7dj_p6j3gx0cls87s3y0myc0000gq/T/ipykernel_5323/1746762345.py:2: FutureWarning: 

Passing `palette` without assigning `hue` is deprecated and will be removed in v0.14.0. Assign the `x` variable to `hue` and set `legend=False` for the same effect.

  sns.boxplot(data=df, x="Method", y="Price", palette="coolwarm")

2025-02-24 23:29:34,158:WARNING:/var/folders/90/q7dj_p6j3gx0cls87s3y0myc0000gq/T/ipykernel_5323/3936130528.py:4: FutureWarning: 

Passing `palette` without assigning `hue` is deprecated and will be removed in v0.14.0. Assign the `x` variable to `hue` and set `legend=False` for the same effect.

  sns.barplot(x=avg_price_by_seller.index, y=avg_price_by_seller.values, palette="coolwarm")

2025-02-24 23:29:46,950:WARNING:/var/folders/90/q7dj_p6j3gx0cls87s3y0myc0000gq/T/ipykernel_5323/142366555.py:4: FutureWarning: 

Passing `palette` without assigning `hue` is deprecated and will be removed in v0.14.0. Assign the `x` variable to `hue` and set `legend=False` for the same effect.

  sns.barplot(x=avg_price_by_seller.index, y=avg_price_by_seller.values, palette="coolwarm")

2025-02-24 23:30:00,535:WARNING:/var/folders/90/q7dj_p6j3gx0cls87s3y0myc0000gq/T/ipykernel_5323/2953034903.py:4: FutureWarning: 

Passing `palette` without assigning `hue` is deprecated and will be removed in v0.14.0. Assign the `x` variable to `hue` and set `legend=False` for the same effect.

  sns.barplot(x=avg_price_by_seller.index, y=avg_price_by_seller.values, palette="coolwarm")

2025-02-24 23:30:19,914:WARNING:/var/folders/90/q7dj_p6j3gx0cls87s3y0myc0000gq/T/ipykernel_5323/2838843215.py:2: FutureWarning: 

Passing `palette` without assigning `hue` is deprecated and will be removed in v0.14.0. Assign the `x` variable to `hue` and set `legend=False` for the same effect.

  sns.boxplot(data=df, x="Method", y="Price", palette="viridis")

2025-02-24 23:30:21,257:WARNING:/var/folders/90/q7dj_p6j3gx0cls87s3y0myc0000gq/T/ipykernel_5323/2297183518.py:4: FutureWarning: 

Passing `palette` without assigning `hue` is deprecated and will be removed in v0.14.0. Assign the `x` variable to `hue` and set `legend=False` for the same effect.

  sns.barplot(x=avg_price_by_seller.index, y=avg_price_by_seller.values, palette="viridis")

2025-02-24 23:30:30,421:WARNING:/var/folders/90/q7dj_p6j3gx0cls87s3y0myc0000gq/T/ipykernel_5323/3264285617.py:4: FutureWarning: 

Passing `palette` without assigning `hue` is deprecated and will be removed in v0.14.0. Assign the `x` variable to `hue` and set `legend=False` for the same effect.

  sns.boxplot(x='Propertycount_Bin', y='Price', data=df, palette="viridis")

