2025-02-26 21:00:07,052:WARNING:
'cuml' is a soft dependency and not included in the pycaret installation. Please run: `pip install cuml` to install.
2025-02-26 21:00:07,052:WARNING:
'cuml' is a soft dependency and not included in the pycaret installation. Please run: `pip install cuml` to install.
2025-02-26 21:00:07,052:WARNING:
'cuml' is a soft dependency and not included in the pycaret installation. Please run: `pip install cuml` to install.
2025-02-26 21:00:07,053:WARNING:
'cuml' is a soft dependency and not included in the pycaret installation. Please run: `pip install cuml` to install.
2025-02-26 21:03:12,678:WARNING:
'cuml' is a soft dependency and not included in the pycaret installation. Please run: `pip install cuml` to install.
2025-02-26 21:03:12,679:WARNING:
'cuml' is a soft dependency and not included in the pycaret installation. Please run: `pip install cuml` to install.
2025-02-26 21:03:12,679:WARNING:
'cuml' is a soft dependency and not included in the pycaret installation. Please run: `pip install cuml` to install.
2025-02-26 21:03:12,679:WARNING:
'cuml' is a soft dependency and not included in the pycaret installation. Please run: `pip install cuml` to install.
2025-02-26 21:03:43,073:WARNING:
'cuml' is a soft dependency and not included in the pycaret installation. Please run: `pip install cuml` to install.
2025-02-26 21:03:43,073:WARNING:
'cuml' is a soft dependency and not included in the pycaret installation. Please run: `pip install cuml` to install.
2025-02-26 21:03:43,073:WARNING:
'cuml' is a soft dependency and not included in the pycaret installation. Please run: `pip install cuml` to install.
2025-02-26 21:03:43,074:WARNING:
'cuml' is a soft dependency and not included in the pycaret installation. Please run: `pip install cuml` to install.
2025-02-26 21:06:22,024:WARNING:
'cuml' is a soft dependency and not included in the pycaret installation. Please run: `pip install cuml` to install.
2025-02-26 21:06:22,024:WARNING:
'cuml' is a soft dependency and not included in the pycaret installation. Please run: `pip install cuml` to install.
2025-02-26 21:06:22,024:WARNING:
'cuml' is a soft dependency and not included in the pycaret installation. Please run: `pip install cuml` to install.
2025-02-26 21:06:22,024:WARNING:
'cuml' is a soft dependency and not included in the pycaret installation. Please run: `pip install cuml` to install.
2025-02-26 21:06:26,892:INFO:Initializing load_model()
2025-02-26 21:06:26,892:INFO:load_model(model_name=notebooks/Gabriel/wheat_classifier_model, platform=None, authentication=None, verbose=True)
2025-02-26 21:07:04,320:WARNING:
'cuml' is a soft dependency and not included in the pycaret installation. Please run: `pip install cuml` to install.
2025-02-26 21:07:04,320:WARNING:
'cuml' is a soft dependency and not included in the pycaret installation. Please run: `pip install cuml` to install.
2025-02-26 21:07:04,322:WARNING:
'cuml' is a soft dependency and not included in the pycaret installation. Please run: `pip install cuml` to install.
2025-02-26 21:07:04,322:WARNING:
'cuml' is a soft dependency and not included in the pycaret installation. Please run: `pip install cuml` to install.
2025-02-26 21:07:08,936:INFO:Initializing load_model()
2025-02-26 21:07:08,937:INFO:load_model(model_name=MLOPS-ASSIGNMENT/notebooks/Gabriel/wheat_classifier_model, platform=None, authentication=None, verbose=True)
2025-02-26 21:07:55,639:WARNING:
'cuml' is a soft dependency and not included in the pycaret installation. Please run: `pip install cuml` to install.
2025-02-26 21:07:55,640:WARNING:
'cuml' is a soft dependency and not included in the pycaret installation. Please run: `pip install cuml` to install.
2025-02-26 21:07:55,641:WARNING:
'cuml' is a soft dependency and not included in the pycaret installation. Please run: `pip install cuml` to install.
2025-02-26 21:07:55,641:WARNING:
'cuml' is a soft dependency and not included in the pycaret installation. Please run: `pip install cuml` to install.
2025-02-26 21:08:02,880:INFO:Initializing load_model()
2025-02-26 21:08:02,881:INFO:load_model(model_name=notebooks/Gabriel/wheat_classifier_model, platform=None, authentication=None, verbose=True)
